<?xml version="1.0" encoding="UTF-8"?>
<!-- Generated by org.testng.reporters.JUnitXMLReporter -->
<testsuite hostname="mache-Inspiron-3521" ignored="0" name="Default test" tests="10" failures="0" timestamp="24 Sep 2019 20:54:19 GMT" time="22.39" errors="0">
  <testcase name="hasProjects" time="5.794" classname="com.index.git.api.test.GitHubTest"/>
  <testcase name="hasRepositories" time="1.391" classname="com.index.git.api.test.GitHubTest"/>
  <testcase name="invalidUserName" time="0.324" classname="com.index.git.api.test.GitHubTest"/>
  <testcase name="isNull" time="0.004" classname="com.index.git.api.test.GitHubTest"/>
  <testcase name="isValidUserName" time="0.587" classname="com.index.git.api.test.GitHubTest"/>
  <testcase name="hasProjects" time="1.444" classname="com.index.git.api.test.GitLabTest"/>
  <testcase name="hasRepositories" time="7.687" classname="com.index.git.api.test.GitLabTest"/>
  <testcase name="invalidUserId" time="1.161" classname="com.index.git.api.test.GitLabTest"/>
  <testcase name="isNull" time="0.004" classname="com.index.git.api.test.GitLabTest"/>
  <testcase name="isValidUserId" time="3.799" classname="com.index.git.api.test.GitLabTest"/>
</testsuite> <!-- Default test -->
